<?xml version="1.0" encoding="UTF-8"?>
<testsuite xmlns:xsi="http://www.w3.org/2001/XMLSchema-instance" xsi:noNamespaceSchemaLocation="https://maven.apache.org/surefire/maven-surefire-plugin/xsd/surefire-test-report-3.0.xsd" version="3.0" name="com.treloc.hypotd.AppTest" time="1.106" tests="2" errors="0" skipped="0" failures="0">
  <properties>
[...]
</properties>
  <testcase name="testLSQR" classname="com.treloc.hypotd.AppTest" time="0.234">
    <system-out><![CDATA[================================
========== Setting up ==========
> Velocity model:
modelName=prem

 radiusOfEarth=6371.0
 mohoDepth=24.4
 cmbDepth=2891.0
 iocbDepth=5149.5
 minRadius=0.0
 maxRadius=6371.0
 spherical=true
getNumLayers()=80

[[D@1623b78d
> Generated data: src/test/resources/ini.dat
================================
]]></system-out>
  </testcase>
  <testcase name="testSTDLoc" classname="com.treloc.hypotd.AppTest" time="0.653">
    <system-out><![CDATA[================================
========== Setting up ==========
> Velocity model:
modelName=prem

 radiusOfEarth=6371.0
 mohoDepth=24.4
 cmbDepth=2891.0
 iocbDepth=5149.5
 minRadius=0.0
 maxRadius=6371.0
 spherical=true
getNumLayers()=80

[[D@26794848
> Generated data: src/test/resources/ini.dat
================================
> Velocity model:
modelName=prem

 radiusOfEarth=6371.0
 mohoDepth=24.4
 cmbDepth=2891.0
 iocbDepth=5149.5
 minRadius=0.0
 maxRadius=6371.0
 spherical=true
getNumLayers()=80

> Evaluations: 4
> Iterations: 3
]]></system-out>
  </testcase>
</testsuite>