<?xml version="1.0" encoding="UTF-8"?>
<testsuite xmlns:xsi="http://www.w3.org/2001/XMLSchema-instance" xsi:noNamespaceSchemaLocation="https://maven.apache.org/surefire/maven-surefire-plugin/xsd/surefire-test-report-3.0.xsd" version="3.0" name="com.treloc.hypotd.AppTest" time="0.471" tests="2" errors="0" skipped="0" failures="0">
  <properties>
[...]
</properties>
  <testcase name="testLSQR" classname="com.treloc.hypotd.AppTest" time="0.014">
    <system-err><![CDATA[Mar 20, 2025 1:17:34 PM com.treloc.hypotd.HypoUtils <init>
INFO: Loaded velocity model:
modelName=prem

 radiusOfEarth=6371.0
 mohoDepth=24.4
 cmbDepth=2891.0
 iocbDepth=5149.5
 minRadius=0.0
 maxRadius=6371.0
 spherical=true
getNumLayers()=80

Mar 20, 2025 1:17:34 PM com.treloc.hypotd.PointsHandler writeDatFile
WARNING: Error: writing :  (No such file or directory)
Mar 20, 2025 1:17:34 PM com.treloc.hypotd.SyntheticTest generateData
INFO: Generated synthetic data: 
]]></system-err>
  </testcase>
  <testcase name="testSTDLoc" classname="com.treloc.hypotd.AppTest" time="0.156">
    <system-err><![CDATA[Mar 20, 2025 1:17:34 PM com.treloc.hypotd.HypoUtils <init>
INFO: Loaded velocity model:
modelName=prem

 radiusOfEarth=6371.0
 mohoDepth=24.4
 cmbDepth=2891.0
 iocbDepth=5149.5
 minRadius=0.0
 maxRadius=6371.0
 spherical=true
getNumLayers()=80

Mar 20, 2025 1:17:34 PM com.treloc.hypotd.HypoStationPairDiff start
INFO: 143.500 39.499 19.842 0.211 0.071 0.118 0.081
Mar 20, 2025 1:17:34 PM com.treloc.hypotd.HypoStationPairDiff start
INFO: 	(Evaluations: 4, Iterations: 3)
]]></system-err>
  </testcase>
</testsuite>